#
# A fatal error has been detected by the Java Runtime Environment:
#
#  Internal Error (0xc000000d), pid=8004, tid=7696
#
# JRE version: Java(TM) SE Runtime Environment (8.0_45-b15) (build 1.8.0_45-b15)
# Java VM: Java HotSpot(TM) 64-Bit Server VM (25.45-b02 mixed mode windows-amd64 compressed oops)
# Problematic frame:
# C  [ntdll.dll+0x96ccf]
#
# Failed to write core dump. Minidumps are not enabled by default on client versions of Windows
#
# If you would like to submit a bug report, please visit:
#   http://bugreport.java.com/bugreport/crash.jsp
#

---------------  T H R E A D  ---------------

Current thread (0x00000000139ac000):  VMThread [stack: 0x0000000014a10000,0x0000000014b10000] [id=7696]

siginfo: ExceptionCode=0xc000000d

Registers:
RAX=0x0000000063808558, RBX=0x0000000000000000, RCX=0x0000000014b0ef10, RDX=0x0000000000000000
RSP=0x0000000014b0f520, RBP=0x0000000024066470, RSI=0x000007feecdd7408, RDI=0x0000000014b0f668
R8 =0x0000000000000000, R9 =0x0000000000000000, R10=0x0000000000000000, R11=0x0000000000000246
R12=0x00000000162ce110, R13=0x00000000162ce0e0, R14=0x0000000024066578, R15=0x0000000000000000
RIP=0x0000000077b96ccf, EFLAGS=0x0000000000000202

Top of Stack: (sp=0x0000000014b0f520)
0x0000000014b0f520:   0000000000000000 000007feecdd7408
0x0000000014b0f530:   0000000014b0f668 0000000000000000
0x0000000014b0f540:   0000000000000050 0000000000600000
0x0000000014b0f550:   0000000000000000 0000000000000000
0x0000000014b0f560:   0000000000000002 0000000077b4dd48
0x0000000014b0f570:   00000000c000000d 0000000000000000
0x0000000014b0f580:   0000000077b96ccf 0000000000000000
0x0000000014b0f590:   0000000000000000 0000000000000000
0x0000000014b0f5a0:   0000000000000000 0000000000000000
0x0000000014b0f5b0:   0000000000000000 0000000000000000
0x0000000014b0f5c0:   0000000000000000 0000000000000000
0x0000000014b0f5d0:   0000000000000000 0000000000000000
0x0000000014b0f5e0:   0000000000000000 0000000000000000
0x0000000014b0f5f0:   0000000000000000 0000000000000000
0x0000000014b0f600:   0000000000000000 00000000162ce110
0x0000000014b0f610:   000000000000009c 00000000779234a8 

Instructions: (pc=0x0000000077b96ccf)
0x0000000077b96caf:   5d 6c fb ff b9 57 00 00 00 c7 44 24 50 0d 00 00
0x0000000077b96cbf:   c0 e8 4b 6f fb ff 48 8d 4c 24 50 e8 41 1c f8 ff
0x0000000077b96ccf:   4c 8b 1d 02 67 09 00 4d 85 db 74 5b 65 48 8b 04
0x0000000077b96cdf:   25 30 00 00 00 f6 80 ee 17 00 00 08 74 12 65 48 


Register to memory mapping:

RAX=0x0000000063808558 is an unknown value
RBX=0x0000000000000000 is an unknown value
RCX=0x0000000014b0ef10 is an unknown value
RDX=0x0000000000000000 is an unknown value
RSP=0x0000000014b0f520 is an unknown value
RBP=0x0000000024066470 is an unknown value
RSI=0x000007feecdd7408 is an unknown value
RDI=0x0000000014b0f668 is an unknown value
R8 =0x0000000000000000 is an unknown value
R9 =0x0000000000000000 is an unknown value
R10=0x0000000000000000 is an unknown value
R11=0x0000000000000246 is an unknown value
R12=0x00000000162ce110 is an unknown value
R13=0x00000000162ce0e0 is an unknown value
R14=0x0000000024066578 is an unknown value
R15=0x0000000000000000 is an unknown value


Stack: [0x0000000014a10000,0x0000000014b10000],  sp=0x0000000014b0f520,  free space=1021k
Native frames: (J=compiled Java code, j=interpreted, Vv=VM code, C=native code)
C  [ntdll.dll+0x96ccf]
C  [kernel32.dll+0x434a8]
C  [MSVCR110.dll+0x752d]
C  [MSVCR110.dll+0x73c6]
C  [MSVCR110.dll+0x14cca]
C  [MSVCR110.dll+0x13edc]
C  [MSVCR110.dll+0x239e]
C  [MSVCR110.dll+0xaf9e]
C  [MSVCP110.dll+0x397b9]
C  [librdi_common.dll+0x14283e]
C  [librdi_common.dll+0x141449]
C  0x000007fedd502400
C  0x000007fedd502682
C  [ntdll.dll+0x22ac1]
C  [ntdll.dll+0x228d0]
C  [MSVCR100.dll+0x20ccd]
V  [jvm.dll+0x20f135]
V  [jvm.dll+0x247ef7]
V  [jvm.dll+0x247196]
V  [jvm.dll+0x247631]
V  [jvm.dll+0x24784e]
V  [jvm.dll+0x29853a]
C  [MSVCR100.dll+0x21d9f]
C  [MSVCR100.dll+0x21e3b]
C  [kernel32.dll+0x159cd]
C  [ntdll.dll+0x2a561]

VM_Operation (0x000000000012f500): Exit, mode: safepoint, requested by thread 0x000000000258a000


---------------  P R O C E S S  ---------------

Java Threads: ( => current thread )
  0x0000000017164000 JavaThread "Thread-19" daemon [_thread_blocked, id=7436, stack(0x0000000023b20000,0x0000000023c20000)]
  0x0000000016f40000 JavaThread "TCF Locator DNS Lookup" daemon [_thread_blocked, id=8068, stack(0x00000000206d0000,0x00000000207d0000)]
  0x0000000018a32000 JavaThread "TCF Locator Receiver" daemon [_thread_in_native, id=7492, stack(0x00000000204d0000,0x00000000205d0000)]
  0x0000000018a31000 JavaThread "TCF Timer Dispatcher" daemon [_thread_blocked, id=8024, stack(0x000000001f890000,0x000000001f990000)]
  0x00000000170fd800 JavaThread "EMF Reference Cleaner" daemon [_thread_blocked, id=7240, stack(0x0000000017fb0000,0x00000000180b0000)]
  0x0000000014d89800 JavaThread "Service Thread" daemon [_thread_blocked, id=7924, stack(0x0000000015610000,0x0000000015710000)]
  0x0000000014d31800 JavaThread "C1 CompilerThread2" daemon [_thread_blocked, id=7432, stack(0x0000000015510000,0x0000000015610000)]
  0x0000000014d2f800 JavaThread "C2 CompilerThread1" daemon [_thread_blocked, id=7624, stack(0x0000000015410000,0x0000000015510000)]
  0x0000000014d2b800 JavaThread "C2 CompilerThread0" daemon [_thread_blocked, id=7172, stack(0x0000000015310000,0x0000000015410000)]
  0x0000000014d1a800 JavaThread "Attach Listener" daemon [_thread_blocked, id=7460, stack(0x0000000015210000,0x0000000015310000)]
  0x0000000013a1f000 JavaThread "Signal Dispatcher" daemon [_thread_blocked, id=7264, stack(0x0000000015110000,0x0000000015210000)]
  0x00000000139b8800 JavaThread "Finalizer" daemon [_thread_blocked, id=8164, stack(0x0000000014c10000,0x0000000014d10000)]
  0x00000000139b1800 JavaThread "Reference Handler" daemon [_thread_blocked, id=8040, stack(0x0000000014b10000,0x0000000014c10000)]
  0x000000000258a000 JavaThread "main" [_thread_blocked, id=8056, stack(0x0000000000030000,0x0000000000130000)]

Other Threads:
=>0x00000000139ac000 VMThread [stack: 0x0000000014a10000,0x0000000014b10000] [id=7696]

VM state:at safepoint (shutting down)

VM Mutex/Monitor currently owned by a thread:  ([mutex/lock_event])
[0x0000000002588ad0] Threads_lock - owner thread: 0x00000000139ac000

Heap:
 PSYoungGen      total 75264K, used 33712K [0x00000000f5580000, 0x00000000fae00000, 0x0000000100000000)
  eden space 61952K, 54% used [0x00000000f5580000,0x00000000f766c168,0x00000000f9200000)
  from space 13312K, 0% used [0x00000000fa100000,0x00000000fa100000,0x00000000fae00000)
  to   space 14336K, 0% used [0x00000000f9200000,0x00000000f9200000,0x00000000fa000000)
 ParOldGen       total 106496K, used 36610K [0x00000000e0000000, 0x00000000e6800000, 0x00000000f5580000)
  object space 106496K, 34% used [0x00000000e0000000,0x00000000e23c09d0,0x00000000e6800000)
 Metaspace       used 79241K, capacity 85598K, committed 85888K, reserved 1124352K
  class space    used 9789K, capacity 11851K, committed 11904K, reserved 1048576K

Card table byte_map: [0x0000000011a10000,0x0000000011b20000] byte_map_base: 0x0000000011310000

Marking Bits: (ParMarkBitMap*) 0x000000005fcc4040
 Begin Bits: [0x0000000011f20000, 0x0000000012720000)
 End Bits:   [0x0000000012720000, 0x0000000012f20000)

Polling page: 0x0000000000330000

CodeCache: size=245760Kb used=27200Kb max_used=27786Kb free=218559Kb
 bounds [0x0000000002650000, 0x00000000041b0000, 0x0000000011650000]
 total_blobs=8620 nmethods=7763 adapters=765
 compilation: enabled

Compilation events (10 events):
Event: 1199.171 Thread 0x0000000014d2f800 9562       4       java.io.WinNTFileSystem::resolve (231 bytes)
Event: 1199.185 Thread 0x0000000014d2f800 nmethod 9562 0x00000000036a0e50 code [0x00000000036a0fe0, 0x00000000036a1878]
Event: 1199.864 Thread 0x0000000014d31800 9564       3       java.io.File::list (33 bytes)
Event: 1199.865 Thread 0x0000000014d31800 nmethod 9564 0x00000000031c5ad0 code [0x00000000031c5ca0, 0x00000000031c63e8]
Event: 1200.214 Thread 0x0000000014d2b800 9565       4       java.io.File::<init> (113 bytes)
Event: 1200.218 Thread 0x0000000014d2b800 nmethod 9565 0x0000000002f49710 code [0x0000000002f49880, 0x0000000002f49c58]
Event: 1200.277 Thread 0x0000000014d31800 9566   !   3       org.eclipse.osgi.internal.baseadaptor.BaseStorage::compact (215 bytes)
Event: 1200.279 Thread 0x0000000014d31800 nmethod 9566 0x0000000002a2b690 code [0x0000000002a2bae0, 0x0000000002a2dfa8]
Event: 1213.564 Thread 0x0000000014d31800 9567       3       org.eclipse.osgi.framework.internal.core.AbstractBundle::close (52 bytes)
Event: 1213.565 Thread 0x0000000014d31800 nmethod 9567 0x00000000041860d0 code [0x0000000004186300, 0x0000000004187008]

GC Heap History (10 events):
Event: 863.453 GC heap before
{Heap before GC invocations=47 (full 17):
 PSYoungGen      total 76800K, used 96K [0x00000000f5580000, 0x00000000fb100000, 0x0000000100000000)
  eden space 61952K, 0% used [0x00000000f5580000,0x00000000f5580000,0x00000000f9200000)
  from space 14848K, 0% used [0x00000000fa280000,0x00000000fa298000,0x00000000fb100000)
  to   space 15872K, 0% used [0x00000000f9200000,0x00000000f9200000,0x00000000fa180000)
 ParOldGen       total 106496K, used 36662K [0x00000000e0000000, 0x00000000e6800000, 0x00000000f5580000)
  object space 106496K, 34% used [0x00000000e0000000,0x00000000e23cd900,0x00000000e6800000)
 Metaspace       used 78421K, capacity 84726K, committed 84992K, reserved 1122304K
  class space    used 9702K, capacity 11752K, committed 11776K, reserved 1048576K
Event: 863.612 GC heap after
Heap after GC invocations=47 (full 17):
 PSYoungGen      total 76800K, used 0K [0x00000000f5580000, 0x00000000fb100000, 0x0000000100000000)
  eden space 61952K, 0% used [0x00000000f5580000,0x00000000f5580000,0x00000000f9200000)
  from space 14848K, 0% used [0x00000000fa280000,0x00000000fa280000,0x00000000fb100000)
  to   space 15872K, 0% used [0x00000000f9200000,0x00000000f9200000,0x00000000fa180000)
 ParOldGen       total 106496K, used 36601K [0x00000000e0000000, 0x00000000e6800000, 0x00000000f5580000)
  object space 106496K, 34% used [0x00000000e0000000,0x00000000e23be428,0x00000000e6800000)
 Metaspace       used 78421K, capacity 84726K, committed 84992K, reserved 1122304K
  class space    used 9702K, capacity 11752K, committed 11776K, reserved 1048576K
}
Event: 923.463 GC heap before
{Heap before GC invocations=48 (full 17):
 PSYoungGen      total 76800K, used 8646K [0x00000000f5580000, 0x00000000fb100000, 0x0000000100000000)
  eden space 61952K, 13% used [0x00000000f5580000,0x00000000f5df1858,0x00000000f9200000)
  from space 14848K, 0% used [0x00000000fa280000,0x00000000fa280000,0x00000000fb100000)
  to   space 15872K, 0% used [0x00000000f9200000,0x00000000f9200000,0x00000000fa180000)
 ParOldGen       total 106496K, used 36601K [0x00000000e0000000, 0x00000000e6800000, 0x00000000f5580000)
  object space 106496K, 34% used [0x00000000e0000000,0x00000000e23be428,0x00000000e6800000)
 Metaspace       used 78443K, capacity 84790K, committed 84992K, reserved 1122304K
  class space    used 9702K, capacity 11752K, committed 11776K, reserved 1048576K
Event: 923.468 GC heap after
Heap after GC invocations=48 (full 17):
 PSYoungGen      total 62464K, used 448K [0x00000000f5580000, 0x00000000fb000000, 0x0000000100000000)
  eden space 61952K, 0% used [0x00000000f5580000,0x00000000f5580000,0x00000000f9200000)
  from space 512K, 87% used [0x00000000f9200000,0x00000000f9270000,0x00000000f9280000)
  to   space 15360K, 0% used [0x00000000fa100000,0x00000000fa100000,0x00000000fb000000)
 ParOldGen       total 106496K, used 36601K [0x00000000e0000000, 0x00000000e6800000, 0x00000000f5580000)
  object space 106496K, 34% used [0x00000000e0000000,0x00000000e23be428,0x00000000e6800000)
 Metaspace       used 78443K, capacity 84790K, committed 84992K, reserved 1122304K
  class space    used 9702K, capacity 11752K, committed 11776K, reserved 1048576K
}
Event: 923.468 GC heap before
{Heap before GC invocations=49 (full 18):
 PSYoungGen      total 62464K, used 448K [0x00000000f5580000, 0x00000000fb000000, 0x0000000100000000)
  eden space 61952K, 0% used [0x00000000f5580000,0x00000000f5580000,0x00000000f9200000)
  from space 512K, 87% used [0x00000000f9200000,0x00000000f9270000,0x00000000f9280000)
  to   space 15360K, 0% used [0x00000000fa100000,0x00000000fa100000,0x00000000fb000000)
 ParOldGen       total 106496K, used 36601K [0x00000000e0000000, 0x00000000e6800000, 0x00000000f5580000)
  object space 106496K, 34% used [0x00000000e0000000,0x00000000e23be428,0x00000000e6800000)
 Metaspace       used 78443K, capacity 84790K, committed 84992K, reserved 1122304K
  class space    used 9702K, capacity 11752K, committed 11776K, reserved 1048576K
Event: 923.579 GC heap after
Heap after GC invocations=49 (full 18):
 PSYoungGen      total 62464K, used 0K [0x00000000f5580000, 0x00000000fb000000, 0x0000000100000000)
  eden space 61952K, 0% used [0x00000000f5580000,0x00000000f5580000,0x00000000f9200000)
  from space 512K, 0% used [0x00000000f9200000,0x00000000f9200000,0x00000000f9280000)
  to   space 15360K, 0% used [0x00000000fa100000,0x00000000fa100000,0x00000000fb000000)
 ParOldGen       total 106496K, used 36740K [0x00000000e0000000, 0x00000000e6800000, 0x00000000f5580000)
  object space 106496K, 34% used [0x00000000e0000000,0x00000000e23e1378,0x00000000e6800000)
 Metaspace       used 78443K, capacity 84790K, committed 84992K, reserved 1122304K
  class space    used 9702K, capacity 11752K, committed 11776K, reserved 1048576K
}
Event: 983.475 GC heap before
{Heap before GC invocations=50 (full 18):
 PSYoungGen      total 62464K, used 3067K [0x00000000f5580000, 0x00000000fb000000, 0x0000000100000000)
  eden space 61952K, 4% used [0x00000000f5580000,0x00000000f587ec38,0x00000000f9200000)
  from space 512K, 0% used [0x00000000f9200000,0x00000000f9200000,0x00000000f9280000)
  to   space 15360K, 0% used [0x00000000fa100000,0x00000000fa100000,0x00000000fb000000)
 ParOldGen       total 106496K, used 36740K [0x00000000e0000000, 0x00000000e6800000, 0x00000000f5580000)
  object space 106496K, 34% used [0x00000000e0000000,0x00000000e23e1378,0x00000000e6800000)
 Metaspace       used 78454K, capacity 84790K, committed 84992K, reserved 1122304K
  class space    used 9702K, capacity 11752K, committed 11776K, reserved 1048576K
Event: 983.486 GC heap after
Heap after GC invocations=50 (full 18):
 PSYoungGen      total 75264K, used 96K [0x00000000f5580000, 0x00000000fae00000, 0x0000000100000000)
  eden space 61952K, 0% used [0x00000000f5580000,0x00000000f5580000,0x00000000f9200000)
  from space 13312K, 0% used [0x00000000fa100000,0x00000000fa118000,0x00000000fae00000)
  to   space 14336K, 0% used [0x00000000f9200000,0x00000000f9200000,0x00000000fa000000)
 ParOldGen       total 106496K, used 36748K [0x00000000e0000000, 0x00000000e6800000, 0x00000000f5580000)
  object space 106496K, 34% used [0x00000000e0000000,0x00000000e23e3378,0x00000000e6800000)
 Metaspace       used 78454K, capacity 84790K, committed 84992K, reserved 1122304K
  class space    used 9702K, capacity 11752K, committed 11776K, reserved 1048576K
}
Event: 983.486 GC heap before
{Heap before GC invocations=51 (full 19):
 PSYoungGen      total 75264K, used 96K [0x00000000f5580000, 0x00000000fae00000, 0x0000000100000000)
  eden space 61952K, 0% used [0x00000000f5580000,0x00000000f5580000,0x00000000f9200000)
  from space 13312K, 0% used [0x00000000fa100000,0x00000000fa118000,0x00000000fae00000)
  to   space 14336K, 0% used [0x00000000f9200000,0x00000000f9200000,0x00000000fa000000)
 ParOldGen       total 106496K, used 36748K [0x00000000e0000000, 0x00000000e6800000, 0x00000000f5580000)
  object space 106496K, 34% used [0x00000000e0000000,0x00000000e23e3378,0x00000000e6800000)
 Metaspace       used 78454K, capacity 84790K, committed 84992K, reserved 1122304K
  class space    used 9702K, capacity 11752K, committed 11776K, reserved 1048576K
Event: 983.628 GC heap after
Heap after GC invocations=51 (full 19):
 PSYoungGen      total 75264K, used 0K [0x00000000f5580000, 0x00000000fae00000, 0x0000000100000000)
  eden space 61952K, 0% used [0x00000000f5580000,0x00000000f5580000,0x00000000f9200000)
  from space 13312K, 0% used [0x00000000fa100000,0x00000000fa100000,0x00000000fae00000)
  to   space 14336K, 0% used [0x00000000f9200000,0x00000000f9200000,0x00000000fa000000)
 ParOldGen       total 106496K, used 36610K [0x00000000e0000000, 0x00000000e6800000, 0x00000000f5580000)
  object space 106496K, 34% used [0x00000000e0000000,0x00000000e23c09d0,0x00000000e6800000)
 Metaspace       used 78454K, capacity 84790K, committed 84992K, reserved 1122304K
  class space    used 9702K, capacity 11752K, committed 11776K, reserved 1048576K
}

Deoptimization events (10 events):
Event: 1017.311 Thread 0x000000000258a000 Uncommon trap: reason=unstable_if action=reinterpret pc=0x0000000003bccb44 method=org.eclipse.swt.widgets.Display.drawMenuBars()V @ 4
Event: 1017.311 Thread 0x000000000258a000 Uncommon trap: reason=unstable_if action=reinterpret pc=0x000000000383bfe0 method=org.eclipse.e4.ui.workbench.renderers.swt.HandledContributionItem$ToolItemUpdateTimer.run()V @ 190
Event: 1017.359 Thread 0x0000000016f41800 Uncommon trap: reason=unstable_if action=reinterpret pc=0x0000000004107b68 method=java.io.BufferedOutputStream.write(I)V @ 9
Event: 1017.520 Thread 0x0000000016f41800 Uncommon trap: reason=bimorphic action=maybe_recompile pc=0x0000000003c59ba0 method=java.util.Properties.load0(Ljava/util/Properties$LineReader;)V @ 242
Event: 1017.538 Thread 0x000000000258a000 Uncommon trap: reason=unstable_if action=reinterpret pc=0x000000000277e704 method=java.util.ArrayList.toArray([Ljava/lang/Object;)[Ljava/lang/Object; @ 48
Event: 1017.809 Thread 0x000000000258a000 Uncommon trap: reason=unstable_if action=reinterpret pc=0x000000000321d394 method=org.eclipse.e4.ui.internal.workbench.swt.PartRenderingEngine.someAreVisible(Ljava/util/List;)Z @ 41
Event: 1017.836 Thread 0x000000000258a000 Uncommon trap: reason=unstable_if action=reinterpret pc=0x0000000004133d74 method=org.eclipse.emf.ecore.impl.MinimalEObjectImpl.setField(ILjava/lang/Object;)V @ 9
Event: 1017.857 Thread 0x000000000258a000 Uncommon trap: reason=unstable_if action=reinterpret pc=0x000000000406ebdc method=org.eclipse.emf.ecore.impl.MinimalEObjectImpl.setField(ILjava/lang/Object;)V @ 9
Event: 1018.097 Thread 0x0000000017163000 Uncommon trap: reason=unstable_if action=reinterpret pc=0x0000000003023e30 method=java.lang.Character.isSurrogate(C)Z @ 3
Event: 1198.054 Thread 0x0000000018a2f000 Uncommon trap: reason=unstable_if action=reinterpret pc=0x0000000002fa0dd0 method=org.eclipse.core.runtime.internal.adaptor.EclipseLazyStarter.shouldActivateFor(Ljava/lang/String;Lorg/eclipse/osgi/baseadaptor/BaseData;Lorg/eclipse/core/runtime/internal/ada

Internal exceptions (10 events):
Event: 1199.072 Thread 0x000000001c84f000 Exception <a 'java/io/IOException'> (0x00000000f6fa4ce0) thrown at [C:\re\workspace\8-2-build-windows-amd64-cygwin\jdk8u45\3627\hotspot\src\share\vm\prims\jni.cpp, line 709]
Event: 1199.072 Thread 0x000000001c84f000 Exception <a 'java/io/IOException'> (0x00000000f6fa4f40) thrown at [C:\re\workspace\8-2-build-windows-amd64-cygwin\jdk8u45\3627\hotspot\src\share\vm\prims\jni.cpp, line 709]
Event: 1199.072 Thread 0x000000001c84f000 Exception <a 'java/io/IOException'> (0x00000000f6fa5170) thrown at [C:\re\workspace\8-2-build-windows-amd64-cygwin\jdk8u45\3627\hotspot\src\share\vm\prims\jni.cpp, line 709]
Event: 1199.072 Thread 0x000000001c84f000 Exception <a 'java/io/IOException'> (0x00000000f6fa5840) thrown at [C:\re\workspace\8-2-build-windows-amd64-cygwin\jdk8u45\3627\hotspot\src\share\vm\prims\jni.cpp, line 709]
Event: 1199.073 Thread 0x000000001c84f000 Exception <a 'java/io/IOException'> (0x00000000f6fa5aa0) thrown at [C:\re\workspace\8-2-build-windows-amd64-cygwin\jdk8u45\3627\hotspot\src\share\vm\prims\jni.cpp, line 709]
Event: 1199.073 Thread 0x000000001c84f000 Exception <a 'java/io/IOException'> (0x00000000f6fa5cd0) thrown at [C:\re\workspace\8-2-build-windows-amd64-cygwin\jdk8u45\3627\hotspot\src\share\vm\prims\jni.cpp, line 709]
Event: 1199.073 Thread 0x000000001c84f000 Exception <a 'java/io/IOException'> (0x00000000f6fa6380) thrown at [C:\re\workspace\8-2-build-windows-amd64-cygwin\jdk8u45\3627\hotspot\src\share\vm\prims\jni.cpp, line 709]
Event: 1199.073 Thread 0x000000001c84f000 Exception <a 'java/io/IOException'> (0x00000000f6fa65e0) thrown at [C:\re\workspace\8-2-build-windows-amd64-cygwin\jdk8u45\3627\hotspot\src\share\vm\prims\jni.cpp, line 709]
Event: 1199.073 Thread 0x000000001c84f000 Exception <a 'java/io/IOException'> (0x00000000f6fa6810) thrown at [C:\re\workspace\8-2-build-windows-amd64-cygwin\jdk8u45\3627\hotspot\src\share\vm\prims\jni.cpp, line 709]
Event: 1213.564 Thread 0x00000000159be000 Exception <a 'java/lang/InterruptedException'> (0x00000000f73ad568) thrown at [C:\re\workspace\8-2-build-windows-amd64-cygwin\jdk8u45\3627\hotspot\src\share\vm\runtime\objectMonitor.cpp, line 1683]

Events (10 events):
Event: 1213.565 loading class java/util/IdentityHashMap$IdentityHashMapIterator done
Event: 1213.565 loading class java/util/IdentityHashMap$KeyIterator done
Event: 1213.565 Thread 0x0000000016f3f800 Thread added: 0x0000000016f3f800
Event: 1213.565 Thread 0x0000000015ac9800 Thread exited: 0x0000000015ac9800
Event: 1213.565 Executing VM operation: RevokeBias
Event: 1213.565 Executing VM operation: RevokeBias done
Event: 1213.565 Executing VM operation: RevokeBias
Event: 1213.565 Executing VM operation: RevokeBias done
Event: 1213.565 Thread 0x0000000016f3f800 Thread exited: 0x0000000016f3f800
Event: 1213.567 Executing VM operation: Exit


Dynamic libraries:
0x0000000000400000 - 0x000000000044f000 	E:\8_software\xilinx\SDK\2015.4\eclipse\win64.o\eclipse.exe
0x0000000077b00000 - 0x0000000077caa000 	C:\Windows\SYSTEM32\ntdll.dll
0x00000000778e0000 - 0x00000000779ff000 	C:\Windows\system32\kernel32.dll
0x000007fefdc00000 - 0x000007fefdc6a000 	C:\Windows\system32\KERNELBASE.dll
0x0000000077a00000 - 0x0000000077afa000 	C:\Windows\system32\USER32.dll
0x000007feff4b0000 - 0x000007feff517000 	C:\Windows\system32\GDI32.dll
0x000007fefee30000 - 0x000007fefee3e000 	C:\Windows\system32\LPK.dll
0x000007feff3e0000 - 0x000007feff4ab000 	C:\Windows\system32\USP10.dll
0x000007fefeff0000 - 0x000007feff08f000 	C:\Windows\system32\msvcrt.dll
0x000007fefc430000 - 0x000007fefc624000 	C:\Windows\WinSxS\amd64_microsoft.windows.common-controls_6595b64144ccf1df_6.0.7601.18837_none_fa3b1e3d17594757\COMCTL32.dll
0x000007fefdc70000 - 0x000007fefdce1000 	C:\Windows\system32\SHLWAPI.dll
0x000007feff2a0000 - 0x000007feff2ce000 	C:\Windows\system32\IMM32.DLL
0x000007fefee60000 - 0x000007fefef69000 	C:\Windows\system32\MSCTF.dll
0x0000000072000000 - 0x0000000072012000 	E:\8_software\xilinx\SDK\2015.4\eclipse\win64.o\plugins\org.eclipse.equinox.launcher.win32.win32.x86_64_1.1.200.v20140116-2212\eclipse_1503.dll
0x000007fefea80000 - 0x000007fefeb5b000 	C:\Windows\system32\ADVAPI32.dll
0x000007fefee40000 - 0x000007fefee5f000 	C:\Windows\SYSTEM32\sechost.dll
0x000007feff960000 - 0x000007feffa8d000 	C:\Windows\system32\RPCRT4.dll
0x000007fefc980000 - 0x000007fefc98c000 	C:\Windows\system32\VERSION.dll
0x000007fefc250000 - 0x000007fefc2a6000 	C:\Windows\system32\uxtheme.dll
0x000000005f4c0000 - 0x000000005fd43000 	E:\8_software\xilinx\SDK\2015.4\tps\win64\jre\bin\server\jvm.dll
0x000007fefb4c0000 - 0x000007fefb4c9000 	C:\Windows\system32\WSOCK32.dll
0x000007feffc10000 - 0x000007feffc5d000 	C:\Windows\system32\WS2_32.dll
0x000007feff3d0000 - 0x000007feff3d8000 	C:\Windows\system32\NSI.dll
0x000007fef96f0000 - 0x000007fef972b000 	C:\Windows\system32\WINMM.dll
0x0000000077cc0000 - 0x0000000077cc7000 	C:\Windows\system32\PSAPI.DLL
0x0000000071240000 - 0x0000000071312000 	C:\Windows\system32\MSVCR100.dll
0x0000000070180000 - 0x000000007018f000 	E:\8_software\xilinx\SDK\2015.4\tps\win64\jre\bin\verify.dll
0x0000000070150000 - 0x0000000070179000 	E:\8_software\xilinx\SDK\2015.4\tps\win64\jre\bin\java.dll
0x0000000070130000 - 0x0000000070146000 	E:\8_software\xilinx\SDK\2015.4\tps\win64\jre\bin\zip.dll
0x000007fefdcf0000 - 0x000007fefea7b000 	C:\Windows\system32\SHELL32.dll
0x000007feff090000 - 0x000007feff293000 	C:\Windows\system32\ole32.dll
0x000007fefd8c0000 - 0x000007fefd8cf000 	C:\Windows\system32\profapi.dll
0x000007fefd0b0000 - 0x000007fefd0c7000 	C:\Windows\system32\CRYPTSP.dll
0x000007fefcdb0000 - 0x000007fefcdf7000 	C:\Windows\system32\rsaenh.dll
0x000007fefd8d0000 - 0x000007fefd8ee000 	C:\Windows\system32\USERENV.dll
0x000007fefd710000 - 0x000007fefd71f000 	C:\Windows\system32\CRYPTBASE.dll
0x0000000070110000 - 0x000000007012a000 	E:\8_software\xilinx\SDK\2015.4\tps\win64\jre\bin\net.dll
0x000007fefd050000 - 0x000007fefd0a5000 	C:\Windows\system32\mswsock.dll
0x000007fefd040000 - 0x000007fefd047000 	C:\Windows\System32\wship6.dll
0x000007fefb2d0000 - 0x000007fefb2f7000 	C:\Windows\system32\IPHLPAPI.DLL
0x000007fefb290000 - 0x000007fefb29b000 	C:\Windows\system32\WINNSI.DLL
0x000007fefb0b0000 - 0x000007fefb0c1000 	C:\Windows\system32\dhcpcsvc6.DLL
0x000007fefb090000 - 0x000007fefb0a8000 	C:\Windows\system32\dhcpcsvc.DLL
0x00000000700f0000 - 0x0000000070101000 	E:\8_software\xilinx\SDK\2015.4\tps\win64\jre\bin\nio.dll
0x000007fefb890000 - 0x000007fefb8a5000 	C:\Windows\system32\NLAapi.dll
0x000007fef7800000 - 0x000007fef7815000 	C:\Windows\system32\napinsp.dll
0x000007fef77e0000 - 0x000007fef77f9000 	C:\Windows\system32\pnrpnsp.dll
0x000007fefced0000 - 0x000007fefcf2b000 	C:\Windows\system32\DNSAPI.dll
0x000007fefa510000 - 0x000007fefa51b000 	C:\Windows\System32\winrnr.dll
0x000007fef77d0000 - 0x000007fef77e0000 	C:\Windows\system32\wshbth.dll
0x000007fefca70000 - 0x000007fefca77000 	C:\Windows\System32\wshtcpip.dll
0x000007fefa500000 - 0x000007fefa508000 	C:\Windows\system32\rasadhlp.dll
0x000007fefb0f0000 - 0x000007fefb143000 	C:\Windows\System32\fwpuclnt.dll
0x000007feffb30000 - 0x000007feffc0a000 	C:\Windows\system32\OLEAUT32.DLL
0x00000000182b0000 - 0x0000000018358000 	C:\Users\Administrator\.Xilinx\SDK\2015.4\org.eclipse.osgi\bundles\303\1\.cp\swt-win32-4335.dll
0x000007feff2d0000 - 0x000007feff367000 	C:\Windows\system32\comdlg32.dll
0x000007fefa9b0000 - 0x000007fefaa21000 	C:\Windows\system32\WINSPOOL.DRV
0x000007feff700000 - 0x000007feff95a000 	C:\Windows\system32\WININET.dll
0x000007fefd920000 - 0x000007fefd924000 	C:\Windows\system32\api-ms-win-downlevel-user32-l1-1-0.dll
0x000007fefd8f0000 - 0x000007fefd8f4000 	C:\Windows\system32\api-ms-win-downlevel-shlwapi-l1-1-0.dll
0x000007fefdbf0000 - 0x000007fefdbf4000 	C:\Windows\system32\api-ms-win-downlevel-version-l1-1-0.dll
0x000007fefd900000 - 0x000007fefd903000 	C:\Windows\system32\api-ms-win-downlevel-normaliz-l1-1-0.dll
0x0000000077cd0000 - 0x0000000077cd3000 	C:\Windows\system32\normaliz.DLL
0x000007fefeb60000 - 0x000007fefee27000 	C:\Windows\system32\iertutil.dll
0x000007fefdae0000 - 0x000007fefdae5000 	C:\Windows\system32\api-ms-win-downlevel-advapi32-l1-1-0.dll
0x000007fefd970000 - 0x000007fefdadd000 	C:\Windows\system32\CRYPT32.dll
0x000007fefd8b0000 - 0x000007fefd8bf000 	C:\Windows\system32\MSASN1.dll
0x000007fefc930000 - 0x000007fefc948000 	C:\Windows\system32\dwmapi.dll
0x000007fefc2b0000 - 0x000007fefc3dc000 	C:\Windows\system32\propsys.dll
0x000007feffa90000 - 0x000007feffb29000 	C:\Windows\system32\CLBCatQ.DLL
0x0000000002510000 - 0x000000000252e000 	C:\Users\Administrator\.Xilinx\SDK\2015.4\org.eclipse.osgi\bundles\303\1\.cp\swt-gdip-win32-4335.dll
0x000007fefc030000 - 0x000007fefc247000 	C:\Windows\WinSxS\amd64_microsoft.windows.gdiplus_6595b64144ccf1df_1.1.7601.23807_none_14556b8e8b95d1fc\gdiplus.dll
0x000007fefb6e0000 - 0x000007fefb841000 	C:\Windows\system32\WindowsCodecs.dll
0x0000000180000000 - 0x0000000180012000 	C:\Users\Administrator\.Xilinx\SDK\2015.4\org.eclipse.osgi\bundles\121\1\.cp\os\win32\x86_64\localfile_1_0_0.dll
0x000007fef7a90000 - 0x000007fef7aa1000 	C:\Users\Administrator\.Xilinx\SDK\2015.4\org.eclipse.osgi\bundles\124\1\.cp\jWinHttp-1.0.0.dll
0x000007fef8860000 - 0x000007fef88d1000 	C:\Windows\system32\WINHTTP.dll
0x000007fef87f0000 - 0x000007fef8854000 	C:\Windows\system32\webio.dll
0x000007feeee50000 - 0x000007feeeea4000 	C:\Windows\system32\oleacc.dll
0x000007fefd800000 - 0x000007fefd814000 	C:\Windows\system32\RpcRtRemote.dll
0x000007fefd6b0000 - 0x000007fefd707000 	C:\Windows\system32\apphelp.dll
0x000007fefbd80000 - 0x000007fefbd8f000 	E:\8_software\xilinx\SDK\2015.4\lib\win64.o\librdi_repo_manager.dll
0x000007fef7a60000 - 0x000007fef7a8a000 	E:\8_software\xilinx\SDK\2015.4\lib\win64.o\libisl_sysinfo.dll
0x000007feecdd0000 - 0x000007feecea4000 	C:\Windows\system32\MSVCR110.dll
0x000007feeceb0000 - 0x000007feecf57000 	C:\Windows\system32\MSVCP110.dll
0x000007fec63f0000 - 0x000007fec6d7d000 	E:\8_software\xilinx\SDK\2015.4\lib\win64.o\librdi_common.dll
0x000007fec73a0000 - 0x000007fec770e000 	E:\8_software\xilinx\SDK\2015.4\lib\win64.o\libCOIN-all.dll
0x000007fec8e10000 - 0x000007fec902e000 	E:\8_software\xilinx\SDK\2015.4\lib\win64.o\libXil_lmgr11.dll
0x000007fefba80000 - 0x000007fefba96000 	C:\Windows\system32\NETAPI32.dll
0x000007fefba20000 - 0x000007fefba2c000 	C:\Windows\system32\netutils.dll
0x000007fefd330000 - 0x000007fefd353000 	C:\Windows\system32\srvcli.dll
0x000007fefba00000 - 0x000007fefba15000 	C:\Windows\system32\wkscli.dll
0x000007fefd930000 - 0x000007fefd96b000 	C:\Windows\system32\WINTRUST.dll
0x000007fef87b0000 - 0x000007fef87c0000 	E:\8_software\xilinx\SDK\2015.4\lib\win64.o\libboost_date_time.dll
0x000007fef7980000 - 0x000007fef79a2000 	E:\8_software\xilinx\SDK\2015.4\lib\win64.o\libboost_filesystem.dll
0x000007fef94c0000 - 0x000007fef94c9000 	E:\8_software\xilinx\SDK\2015.4\lib\win64.o\libboost_system.dll
0x000007fef27f0000 - 0x000007fef2864000 	E:\8_software\xilinx\SDK\2015.4\lib\win64.o\libboost_program_options.dll
0x000007fec8d10000 - 0x000007fec8e0a000 	E:\8_software\xilinx\SDK\2015.4\lib\win64.o\libboost_regex.dll
0x000007fef7960000 - 0x000007fef7973000 	E:\8_software\xilinx\SDK\2015.4\lib\win64.o\libboost_signals.dll
0x000007fef2cd0000 - 0x000007fef2ced000 	E:\8_software\xilinx\SDK\2015.4\lib\win64.o\libboost_thread.dll
0x000007fef7a50000 - 0x000007fef7a5b000 	E:\8_software\xilinx\SDK\2015.4\lib\win64.o\libboost_chrono.dll
0x000007fef2cc0000 - 0x000007fef2ccb000 	E:\8_software\xilinx\SDK\2015.4\lib\win64.o\libboost_xilinx.dll
0x000007feed7a0000 - 0x000007feed820000 	E:\8_software\xilinx\SDK\2015.4\lib\win64.o\libhdlpsolve.dll
0x000007fec7fb0000 - 0x000007fec804a000 	E:\8_software\xilinx\SDK\2015.4\lib\win64.o\libhdxml.dll
0x000007fec6f60000 - 0x000007fec7394e00 	E:\8_software\xilinx\SDK\2015.4\lib\win64.o\libisl_iostreams.dll
0x000007fef2ca0000 - 0x000007fef2cb6000 	E:\8_software\xilinx\SDK\2015.4\lib\win64.o\libboost_iostreams.dll
0x000007fef2c70000 - 0x000007fef2c93000 	E:\8_software\xilinx\SDK\2015.4\lib\win64.o\librdizlib.dll
0x000007feccf40000 - 0x000007feccf63000 	E:\8_software\xilinx\SDK\2015.4\lib\win64.o\libisl_iosutils.dll
0x000007fef1d30000 - 0x000007fef1d45000 	E:\8_software\xilinx\SDK\2015.4\lib\win64.o\pthreadVC2.dll
0x000007fec8cb0000 - 0x000007fec8d04000 	E:\8_software\xilinx\SDK\2015.4\lib\win64.o\librdi_commonxillic.dll
0x000007fec7e80000 - 0x000007fec7fb0000 	E:\8_software\xilinx\SDK\2015.4\lib\win64.o\librdi_curl.dll
0x000007fef27d0000 - 0x000007fef27e8000 	E:\8_software\xilinx\SDK\2015.4\lib\win64.o\librdiconfig.dll
0x0000000060b30000 - 0x0000000060c57000 	E:\8_software\xilinx\SDK\2015.4\lib\win64.o\tcl85t.dll
0x00000000224b0000 - 0x0000000022713000 	E:\8_software\xilinx\SDK\2015.4\lib\win64.o\xerces-c_3_1.dll
0x000007feffc60000 - 0x000007feffde5000 	C:\Windows\system32\urlmon.dll
0x000007fefd910000 - 0x000007fefd914000 	C:\Windows\system32\api-ms-win-downlevel-ole32-l1-1-0.dll
0x000007feeae50000 - 0x000007feeae73000 	C:\Windows\system32\VCOMP110.DLL
0x000007fec6200000 - 0x000007fec63ec000 	E:\8_software\xilinx\SDK\2015.4\lib\win64.o\librdi_hsm.dll
0x000007fec6f10000 - 0x000007fec6f53000 	E:\8_software\xilinx\SDK\2015.4\lib\win64.o\librdi_hdf.dll
0x000007fec5fa0000 - 0x000007fec61f5000 	E:\8_software\xilinx\SDK\2015.4\lib\win64.o\librdi_ippcw.dll
0x000007fefaa30000 - 0x000007fefaa37000 	C:\Windows\system32\msimg32.dll
0x000007fec4d40000 - 0x000007fec5550000 	E:\8_software\xilinx\SDK\2015.4\lib\win64.o\libXil_lmgr11FNP.dll
0x000007fefa310000 - 0x000007fefa31b000 	C:\Windows\system32\snmpapi.dll
0x000007feff520000 - 0x000007feff6f7000 	C:\Windows\system32\SETUPAPI.dll
0x000007fefdaf0000 - 0x000007fefdb26000 	C:\Windows\system32\CFGMGR32.dll
0x000007fefdbd0000 - 0x000007fefdbea000 	C:\Windows\system32\DEVOBJ.dll
0x000007fefd680000 - 0x000007fefd6a5000 	C:\Windows\system32\SspiCli.dll
0x000007fee7d10000 - 0x000007fee7d1a000 	E:\8_software\xilinx\SDK\2015.4\lib\win64.o\librdi_jtag_settings.dll
0x000007feccea0000 - 0x000007feccec9000 	E:\8_software\xilinx\SDK\2015.4\lib\win64.o\librdi_debug_dialog.dll

VM Arguments:
jvm_args: -Dcom.xilinx.sdk.args.hwspec=Z:/1_UnivPaper/1_Prj/11_q0503_final_2/build/q6649_cam2hdmi.sdk/q6649_cam2hdmi.hdf -Xms64m -Xmx512m & 
java_command: <unknown>
java_class_path (initial): E:\8_software\xilinx\SDK\2015.4\eclipse\win64.o\\plugins/org.eclipse.equinox.launcher_1.3.0.v20130327-1440.jar
Launcher Type: generic

Environment Variables:
JAVA_HOME=E:\8_software\Java\jdk1.8.0_144
CLASSPATH=.;E:\8_software\Java\jdk1.8.0_144\lib;E:\8_software\Java\jdk1.8.0_144\lib\dt.jar;E:\8_software\Java\jdk1.8.0_144\lib\tools.jar
USERNAME=Administrator
OS=Windows_NT
PROCESSOR_IDENTIFIER=Intel64 Family 6 Model 69 Stepping 1, GenuineIntel



---------------  S Y S T E M  ---------------

OS: Windows 7 , 64 bit Build 7601 (6.1.7601.23807)

CPU:total 4 (2 cores per cpu, 2 threads per core) family 6 model 69 stepping 1, cmov, cx8, fxsr, mmx, sse, sse2, sse3, ssse3, sse4.1, sse4.2, popcnt, avx, avx2, aes, clmul, erms, lzcnt, ht, tsc, tscinvbit, bmi1, bmi2

Memory: 4k page, physical 8315248k(2332328k free), swap 16628636k(9722536k free)

vm_info: Java HotSpot(TM) 64-Bit Server VM (25.45-b02) for windows-amd64 JRE (1.8.0_45-b15), built on Apr 30 2015 12:40:44 by "java_re" with MS VC++ 10.0 (VS2010)

time: Tue May 08 12:44:00 2018
elapsed time: 1214 seconds (0d 0h 20m 14s)

