#-----------------------------------------------------------
# Vivado v2015.4 (64-bit)
# SW Build 1412921 on Wed Nov 18 09:43:45 MST 2015
# IP Build 1412160 on Tue Nov 17 13:47:24 MST 2015
# Start of session at: Tue May 08 13:33:56 2018
# Process ID: 22220
# Current directory: Z:/1_UnivPaper/1_Prj/13_q0508/build
# Command line: vivado.exe -gui_launcher_event rodinguilauncherevent21216 Z:\1_UnivPaper\1_Prj\13_q0508\build\q6649_cam2hdmi.xpr
# Log file: Z:/1_UnivPaper/1_Prj/13_q0508/build/vivado.log
# Journal file: Z:/1_UnivPaper/1_Prj/13_q0508/build\vivado.jou
#-----------------------------------------------------------
start_gui
open_project Z:/1_UnivPaper/1_Prj/13_q0508/build/q6649_cam2hdmi.xpr
INFO: [Project 1-313] Project file moved from 'Z:/1_UnivPaper/1_Prj/11_q0503_final_2/build' since last save.
Scanning sources...
Finished scanning sources
WARNING: [filemgmt 56-3] IP Repository Path: Could not find the directory 'c:/Users/Administrator/AppData/Roaming/Xilinx/repo'.
INFO: [IP_Flow 19-234] Refreshing IP repositories
WARNING: [IP_Flow 19-2248] Failed to load user IP repository 'c:/Users/Administrator/AppData/Roaming/Xilinx/repo'; Can't find the specified path.
If this directory should no longer be in your list of user repositories, go to the IP Settings dialog and remove it.
INFO: [IP_Flow 19-1700] Loaded user IP repository 'z:/1_UnivPaper/1_Prj/13_q0508/repo'.
INFO: [IP_Flow 19-2313] Loaded Vivado IP repository 'E:/8_software/xilinx/Vivado/2015.4/data/ip'.
open_project: Time (s): cpu = 00:00:39 ; elapsed = 00:00:27 . Memory (MB): peak = 880.137 ; gain = 273.680
add_files -norecurse Z:/1_UnivPaper/1_Prj/13_q0508/source/cam_in_wrapper.v
update_compile_order -fileset sources_1
update_compile_order -fileset sources_1
update_compile_order -fileset sources_1
reset_run synth_1
launch_runs impl_1 -to_step write_bitstream -jobs 2
[Tue May 08 13:43:31 2018] Launched synth_1...
Run output will be captured here: Z:/1_UnivPaper/1_Prj/13_q0508/build/q6649_cam2hdmi.runs/synth_1/runme.log
[Tue May 08 13:43:31 2018] Launched impl_1...
Run output will be captured here: Z:/1_UnivPaper/1_Prj/13_q0508/build/q6649_cam2hdmi.runs/impl_1/runme.log
file copy -force Z:/1_UnivPaper/1_Prj/13_q0508/build/q6649_cam2hdmi.runs/impl_1/q6649_cam2hdmi.sysdef Z:/1_UnivPaper/1_Prj/13_q0508/build/q6649_cam2hdmi.sdk/q6649_cam2hdmi.hdf

launch_sdk -workspace Z:/1_UnivPaper/1_Prj/13_q0508/build/q6649_cam2hdmi.sdk -hwspec Z:/1_UnivPaper/1_Prj/13_q0508/build/q6649_cam2hdmi.sdk/q6649_cam2hdmi.hdf
INFO: [Vivado 12-393] Launching SDK...
INFO: [Vivado 12-417] Running xsdk -workspace Z:/1_UnivPaper/1_Prj/13_q0508/build/q6649_cam2hdmi.sdk -hwspec Z:/1_UnivPaper/1_Prj/13_q0508/build/q6649_cam2hdmi.sdk/q6649_cam2hdmi.hdf
INFO: [Vivado 12-3157] SDK launch initiated. Please check console for any further messages.
file copy -force Z:/1_UnivPaper/1_Prj/13_q0508/build/q6649_cam2hdmi.runs/impl_1/q6649_cam2hdmi.sysdef Z:/1_UnivPaper/1_Prj/13_q0508/build/q6649_cam2hdmi.sdk/q6649_cam2hdmi.hdf

launch_sdk -workspace Z:/1_UnivPaper/1_Prj/13_q0508/build/q6649_cam2hdmi.sdk -hwspec Z:/1_UnivPaper/1_Prj/13_q0508/build/q6649_cam2hdmi.sdk/q6649_cam2hdmi.hdf
INFO: [Vivado 12-393] Launching SDK...
INFO: [Vivado 12-417] Running xsdk -workspace Z:/1_UnivPaper/1_Prj/13_q0508/build/q6649_cam2hdmi.sdk -hwspec Z:/1_UnivPaper/1_Prj/13_q0508/build/q6649_cam2hdmi.sdk/q6649_cam2hdmi.hdf
INFO: [Vivado 12-3157] SDK launch initiated. Please check console for any further messages.
exit
INFO: [Common 17-206] Exiting Vivado at Tue May 08 14:38:35 2018...
