#-----------------------------------------------------------
# Vivado v2015.4 (64-bit)
# SW Build 1412921 on Wed Nov 18 09:43:45 MST 2015
# IP Build 1412160 on Tue Nov 17 13:47:24 MST 2015
# Start of session at: Sun Jun 03 00:46:01 2018
# Process ID: 8968
# Current directory: Z:/1_UnivPaper/1_Prj/13_q0508_final_ok/build
# Command line: vivado.exe -gui_launcher_event rodinguilauncherevent11028 Z:\1_UnivPaper\1_Prj\13_q0508_final_ok\build\q6649_cam2hdmi.xpr
# Log file: Z:/1_UnivPaper/1_Prj/13_q0508_final_ok/build/vivado.log
# Journal file: Z:/1_UnivPaper/1_Prj/13_q0508_final_ok/build\vivado.jou
#-----------------------------------------------------------
start_gui
open_project Z:/1_UnivPaper/1_Prj/13_q0508_final_ok/build/q6649_cam2hdmi.xpr
Scanning sources...
Finished scanning sources
WARNING: [filemgmt 56-3] IP Repository Path: Could not find the directory 'c:/Users/Administrator/AppData/Roaming/Xilinx/repo'.
INFO: [IP_Flow 19-234] Refreshing IP repositories
WARNING: [IP_Flow 19-2248] Failed to load user IP repository 'c:/Users/Administrator/AppData/Roaming/Xilinx/repo'; Can't find the specified path.
If this directory should no longer be in your list of user repositories, go to the IP Settings dialog and remove it.
INFO: [IP_Flow 19-1700] Loaded user IP repository 'z:/1_UnivPaper/1_Prj/13_q0508_final_ok/repo'.
INFO: [IP_Flow 19-2313] Loaded Vivado IP repository 'E:/8_software/xilinx/Vivado/2015.4/data/ip'.
open_project: Time (s): cpu = 00:00:33 ; elapsed = 00:00:32 . Memory (MB): peak = 841.715 ; gain = 236.141
exit
INFO: [Common 17-206] Exiting Vivado at Sun Jun 03 01:29:35 2018...
