#-----------------------------------------------------------
# Webtalk v2015.4 (64-bit)
# SW Build 1412921 on Wed Nov 18 09:43:45 MST 2015
# 
# Start of session at: Mon May 07 17:04:23 2018
# Process ID: 22176
# Current directory: Z:/1_UnivPaper/1_Prj/11_q0503_final_2/build/q6649_cam2hdmi.sdk/webtalk
# Command line: wbtcv.exe -mode batch -source sdk_webtalk.tcl
# Log file: Z:/1_UnivPaper/1_Prj/11_q0503_final_2/build/q6649_cam2hdmi.sdk/webtalk/webtalk.log
# Journal file: Z:/1_UnivPaper/1_Prj/11_q0503_final_2/build/q6649_cam2hdmi.sdk/webtalk\webtalk.jou
#-----------------------------------------------------------
source sdk_webtalk.tcl
# webtalk_init -webtalk_dir Z:\\1_UnivPaper\\1_Prj\\11_q0503_final_2\\build\\q6649_cam2hdmi.sdk\\webtalk
# webtalk_register_client -client project
# webtalk_add_data -client project -key date_generated -value "星期一 五月 7 17:04:02 2018" -context "software_version_and_target_device"
# webtalk_add_data -client project -key product_version -value "SDK v2015.4" -context "software_version_and_target_device"
# webtalk_add_data -client project -key build_version -value "2015.4" -context "software_version_and_target_device"
# webtalk_add_data -client project -key os_platform -value "amd64" -context "software_version_and_target_device"
# webtalk_add_data -client project -key registration_id -value "" -context "software_version_and_target_device"
# webtalk_add_data -client project -key tool_flow -value "SDK" -context "software_version_and_target_device"
# webtalk_add_data -client project -key beta -value "false" -context "software_version_and_target_device"
# webtalk_add_data -client project -key route_design -value "NA" -context "software_version_and_target_device"
# webtalk_add_data -client project -key target_family -value "NA" -context "software_version_and_target_device"
# webtalk_add_data -client project -key target_device -value "NA" -context "software_version_and_target_device"
# webtalk_add_data -client project -key target_package -value "NA" -context "software_version_and_target_device"
# webtalk_add_data -client project -key target_speed -value "NA" -context "software_version_and_target_device"
# webtalk_add_data -client project -key random_id -value "tq6tnqu994cshd5ps2oq0dipvt" -context "software_version_and_target_device"
# webtalk_add_data -client project -key project_id -value "2015.4_22" -context "software_version_and_target_device"
# webtalk_add_data -client project -key project_iteration -value "22" -context "software_version_and_target_device"
# webtalk_add_data -client project -key os_name -value "" -context "user_environment"
# webtalk_add_data -client project -key os_release -value "" -context "user_environment"
# webtalk_add_data -client project -key cpu_name -value "" -context "user_environment"
# webtalk_add_data -client project -key cpu_speed -value "" -context "user_environment"
# webtalk_add_data -client project -key total_processors -value "" -context "user_environment"
# webtalk_add_data -client project -key system_ram -value "" -context "user_environment"
# webtalk_register_client -client sdk
# webtalk_add_data -client sdk -key uid -value "1525679145537" -context "sdk\\\\bsp/1525679145537"
# webtalk_add_data -client sdk -key hwid -value "1525601335781" -context "sdk\\\\bsp/1525679145537"
# webtalk_add_data -client sdk -key os -value "device_tree" -context "sdk\\\\bsp/1525679145537"
# webtalk_add_data -client sdk -key apptemplate -value "null" -context "sdk\\\\bsp/1525679145537"
# webtalk_add_data -client sdk -key uid -value "1525680713460" -context "sdk\\\\bsp/1525680713460"
# webtalk_add_data -client sdk -key hwid -value "1525601335781" -context "sdk\\\\bsp/1525680713460"
# webtalk_add_data -client sdk -key os -value "standalone" -context "sdk\\\\bsp/1525680713460"
# webtalk_add_data -client sdk -key apptemplate -value "empty_application" -context "sdk\\\\bsp/1525680713460"
# webtalk_add_data -client sdk -key uid -value "1525680735322" -context "sdk\\\\application/1525680735322"
# webtalk_add_data -client sdk -key hwid -value "1525601335781" -context "sdk\\\\application/1525680735322"
# webtalk_add_data -client sdk -key bspid -value "1525680713460" -context "sdk\\\\application/1525680735322"
# webtalk_add_data -client sdk -key newbsp -value "true" -context "sdk\\\\application/1525680735322"
# webtalk_add_data -client sdk -key os -value "standalone" -context "sdk\\\\application/1525680735322"
# webtalk_add_data -client sdk -key apptemplate -value "empty_application" -context "sdk\\\\application/1525680735322"
# webtalk_transmit -clientid 441203635 -regid "" -xml Z:\\1_UnivPaper\\1_Prj\\11_q0503_final_2\\build\\q6649_cam2hdmi.sdk\\webtalk\\usage_statistics_ext_sdk.xml -html Z:\\1_UnivPaper\\1_Prj\\11_q0503_final_2\\build\\q6649_cam2hdmi.sdk\\webtalk\\usage_statistics_ext_sdk.html -wdm Z:\\1_UnivPaper\\1_Prj\\11_q0503_final_2\\build\\q6649_cam2hdmi.sdk\\webtalk\\sdk_webtalk.wdm -intro "<H3>SDK Usage Report</H3><BR>"
webtalk_transmit: Time (s): cpu = 00:00:00 ; elapsed = 00:00:14 . Memory (MB): peak = 49.977 ; gain = 0.000
# webtalk_terminate
INFO: [Common 17-206] Exiting Webtalk at Mon May 07 17:04:43 2018...
