Copyright 1986-2015 Xilinx, Inc. All Rights Reserved.
-------------------------------------------------------------------------------------------------
| Tool Version      : Vivado v.2015.4 (win64) Build 1412921 Wed Nov 18 09:43:45 MST 2015
| Date              : Tue May 08 14:25:35 2018
| Host              : KevinWu running 64-bit Service Pack 1  (build 7601)
| Command           : report_clock_utilization -file q6649_cam2hdmi_clock_utilization_routed.rpt
| Design            : q6649_cam2hdmi
| Device            : 7z020-clg400
| Speed File        : -2  PRODUCTION 1.11 2014-09-11
| Temperature Grade : C
-------------------------------------------------------------------------------------------------

Clock Utilization Report

Table of Contents
-----------------
1. Clock Primitive Utilization
2. Details of Global Clocks
3. Details of Regional Clocks
4. Details of Multi-Regional Clocks
5. Details of I/O Clocks
6. Details of Local Clocks
7. Clock Regions : Key Resource Utilization
8. Net wise resources used in clock region X0Y0
9. Net wise resources used in clock region X1Y0
10. Net wise resources used in clock region X0Y1
11. Net wise resources used in clock region X1Y1
12. Net wise resources used in clock region X0Y2
13. Net wise resources used in clock region X1Y2

1. Clock Primitive Utilization
------------------------------

+-------+------+-----------+-----------+
| Type  | Used | Available | Num Fixed |
+-------+------+-----------+-----------+
| BUFG  |    7 |        32 |         0 |
| BUFH  |    0 |        72 |         0 |
| BUFIO |    1 |        16 |         0 |
| MMCM  |    2 |         4 |         0 |
| PLL   |    0 |         4 |         0 |
| BUFR  |    1 |        16 |         0 |
| BUFMR |    0 |         8 |         0 |
+-------+------+-----------+-----------+


2. Details of Global Clocks
---------------------------

+-------+-----------------------------------------------------------------------------------+-----------------------------------------------------------+--------------+-------+
|       |                                                                                   |                                                           |   Num Loads  |       |
+-------+-----------------------------------------------------------------------------------+-----------------------------------------------------------+------+-------+-------+
| Index | BUFG Cell                                                                         | Net Name                                                  | BELs | Sites | Fixed |
+-------+-----------------------------------------------------------------------------------+-----------------------------------------------------------+------+-------+-------+
|     1 | u_clk_24m/inst/clkf_buf                                                           | u_clk_24m/inst/clkfbout_buf_clk_wiz_0                     |    1 |     1 |    no |
|     2 | sys_clk_50m_BUFG_inst                                                             | sys_clk_50m_BUFG                                          |   34 |    16 |    no |
|     3 | reg_index_reg_rep[9]_i_3                                                          | u_iic_config/clock_20k                                    |   55 |    31 |    no |
|     4 | u_clk_24m/inst/clkout1_buf                                                        | u_clk_24m/inst/clk_out1                                   |   71 |    25 |    no |
|     5 | cam_pclk_IBUF_BUFG_inst                                                           | cam_pclk_IBUF_BUFG                                        |  170 |    45 |    no |
|     6 | u_bd_wrapper/system_i/processing_system7_0/inst/buffer_fclk_clk_0.FCLK_CLK_0_BUFG | u_bd_wrapper/system_i/processing_system7_0/inst/FCLK_CLK0 | 1803 |   516 |    no |
|     7 | u_bd_wrapper/system_i/processing_system7_0/inst/buffer_fclk_clk_1.FCLK_CLK_1_BUFG | u_bd_wrapper/system_i/processing_system7_0/inst/FCLK_CLK1 | 4721 |  1309 |    no |
+-------+-----------------------------------------------------------------------------------+-----------------------------------------------------------+------+-------+-------+


+-------+---------------------------------------------------------------------+----------------------------------------------------------------------+--------------+-------+
|       |                                                                     |                                                                      |   Num Loads  |       |
+-------+---------------------------------------------------------------------+----------------------------------------------------------------------+------+-------+-------+
| Index | MMCM Cell                                                           | Net Name                                                             | BELs | Sites | Fixed |
+-------+---------------------------------------------------------------------+----------------------------------------------------------------------+------+-------+-------+
|     1 | u_bd_wrapper/system_i/axi_dynclk_0/U0/Inst_mmcme2_drp/mmcm_adv_inst | u_bd_wrapper/system_i/axi_dynclk_0/U0/Inst_mmcme2_drp/mmcm_fbclk_out |    1 |     1 |    no |
|     2 | u_clk_24m/inst/mmcm_adv_inst                                        | u_clk_24m/inst/clk_out1_clk_wiz_0                                    |    1 |     1 |    no |
|     3 | u_clk_24m/inst/mmcm_adv_inst                                        | u_clk_24m/inst/clkfbout_clk_wiz_0                                    |    1 |     1 |    no |
|     4 | u_bd_wrapper/system_i/axi_dynclk_0/U0/Inst_mmcme2_drp/mmcm_adv_inst | u_bd_wrapper/system_i/axi_dynclk_0/U0/Inst_mmcme2_drp/I              |    2 |     2 |    no |
+-------+---------------------------------------------------------------------+----------------------------------------------------------------------+------+-------+-------+


3. Details of Regional Clocks
-----------------------------

+-------+-------------------------------------------------+-------------------------------------------------+--------------+-------+
|       |                                                 |                                                 |   Num Loads  |       |
+-------+-------------------------------------------------+-------------------------------------------------+------+-------+-------+
| Index | BUFR Cell                                       | Net Name                                        | BELs | Sites | Fixed |
+-------+-------------------------------------------------+-------------------------------------------------+------+-------+-------+
|     1 | u_bd_wrapper/system_i/axi_dynclk_0/U0/BUFR_inst | u_bd_wrapper/system_i/axi_dynclk_0/U0/PXL_CLK_O | 2163 |   617 |    no |
+-------+-------------------------------------------------+-------------------------------------------------+------+-------+-------+


4. Details of Multi-Regional Clocks
-----------------------------------

5. Details of I/O Clocks
------------------------

+-------+--------------------------------------------------+----------------------------------------------------+--------------+-------+
|       |                                                  |                                                    |   Num Loads  |       |
+-------+--------------------------------------------------+----------------------------------------------------+------+-------+-------+
| Index | BUFIO Cell                                       | Net Name                                           | BELs | Sites | Fixed |
+-------+--------------------------------------------------+----------------------------------------------------+------+-------+-------+
|     1 | u_bd_wrapper/system_i/axi_dynclk_0/U0/BUFIO_inst | u_bd_wrapper/system_i/axi_dynclk_0/U0/PXL_CLK_5X_O |    8 |     8 |    no |
+-------+--------------------------------------------------+----------------------------------------------------+------+-------+-------+


6. Details of Local Clocks
--------------------------

7. Clock Regions : Key Resource Utilization
-------------------------------------------

+-------------------+--------------+--------------+--------------+--------------+--------------+--------------+--------------+--------------+--------------+--------------+--------------+--------------+--------------+--------------+--------------+
|                   | Global Clock |     BUFRs    |    BUFMRs    |    BUFIOs    |     MMCM     |      PLL     |      GT      |      PCI     |    ILOGIC    |    OLOGIC    |      FF      |     LUTM     |    RAMB18    |    RAMB36    |    DSP48E1   |
+-------------------+------+-------+------+-------+------+-------+------+-------+------+-------+------+-------+------+-------+------+-------+------+-------+------+-------+------+-------+------+-------+------+-------+------+-------+------+-------+
| Clock Region Name | Used | Avail | Used | Avail | Used | Avail | Used | Avail | Used | Avail | Used | Avail | Used | Avail | Used | Avail | Used | Avail | Used | Avail | Used | Avail | Used | Avail | Used | Avail | Used | Avail | Used | Avail |
+-------------------+------+-------+------+-------+------+-------+------+-------+------+-------+------+-------+------+-------+------+-------+------+-------+------+-------+------+-------+------+-------+------+-------+------+-------+------+-------+
| X0Y0              |    3 |    12 |    0 |     4 |    0 |     2 |    0 |     4 |    0 |     1 |    0 |     1 |    0 |     0 |    0 |     0 |    0 |    50 |    0 |    50 | 3393 | 20000 |  335 |  4000 |    2 |    60 |    9 |    30 |    0 |    60 |
| X1Y0              |    7 |    12 |    0 |     4 |    0 |     2 |    0 |     4 |    1 |     1 |    0 |     1 |    0 |     0 |    0 |     0 |    0 |    50 |    0 |    50 |  530 | 25600 |   17 |  3400 |    0 |    60 |    6 |    30 |    0 |    40 |
| X0Y1              |    2 |    12 |    0 |     0 |    0 |     0 |    0 |     0 |    0 |     0 |    0 |     0 |    0 |     0 |    0 |     0 |    0 |     0 |    0 |     0 | 2070 |  9600 |   95 |  1600 |    0 |    20 |    1 |    10 |    0 |    20 |
| X1Y1              |    4 |    12 |    1 |     4 |    0 |     2 |    1 |     4 |    1 |     1 |    0 |     1 |    0 |     0 |    0 |     0 |    0 |    50 |    8 |    50 | 2444 | 20800 |    6 |  3400 |    0 |    60 |    3 |    30 |    0 |    40 |
| X0Y2              |    2 |    12 |    0 |     0 |    0 |     0 |    0 |     0 |    0 |     0 |    0 |     0 |    0 |     0 |    0 |     0 |    0 |     0 |    0 |     0 |   52 |  9600 |   16 |  1600 |    0 |    20 |    0 |    10 |    0 |    20 |
| X1Y2              |    2 |    12 |    0 |     4 |    0 |     2 |    0 |     4 |    0 |     1 |    0 |     1 |    0 |     0 |    0 |     0 |    0 |    50 |    0 |    50 |   20 | 20800 |    0 |  3400 |    0 |    60 |    0 |    30 |    0 |    40 |
+-------------------+------+-------+------+-------+------+-------+------+-------+------+-------+------+-------+------+-------+------+-------+------+-------+------+-------+------+-------+------+-------+------+-------+------+-------+------+-------+
* RAMB36 site can be used as two RAMB18/FIFO18 sites.


8. Net wise resources used in clock region X0Y0
-----------------------------------------------

+-------------+--------------+-------+-----------+----------+---------+-----------+---------+---------+------+-------+----------+-----------------------------------------------------------+
| Source Type | BUFHCE Site  | Fixed | MMCM Pins | PLL Pins | GT Pins | BRAM Pins | ILOGICs | OLOGICs |  FFs | LUTMs | DSP48E1s |                       Clock Net Name                      |
+-------------+--------------+-------+-----------+----------+---------+-----------+---------+---------+------+-------+----------+-----------------------------------------------------------+
| BUFG        | BUFHCE_X0Y10 |   no  |         0 |        0 |       0 |         0 |       0 |       0 |   50 |     0 |        0 | u_bd_wrapper/system_i/processing_system7_0/inst/FCLK_CLK0 |
| BUFG        | BUFHCE_X0Y8  |   no  |         0 |        0 |       0 |         0 |       0 |       0 |   88 |     0 |        0 | cam_pclk_IBUF_BUFG                                        |
| BUFG        | BUFHCE_X0Y9  |   no  |         0 |        0 |       0 |        22 |       0 |       0 | 3255 |   335 |        0 | u_bd_wrapper/system_i/processing_system7_0/inst/FCLK_CLK1 |
+-------------+--------------+-------+-----------+----------+---------+-----------+---------+---------+------+-------+----------+-----------------------------------------------------------+


9. Net wise resources used in clock region X1Y0
-----------------------------------------------

+-------------+--------------+-------+-----------+----------+---------+-----------+---------+---------+-----+-------+----------+-----------------------------------------------------------+
| Source Type | BUFHCE Site  | Fixed | MMCM Pins | PLL Pins | GT Pins | BRAM Pins | ILOGICs | OLOGICs | FFs | LUTMs | DSP48E1s |                       Clock Net Name                      |
+-------------+--------------+-------+-----------+----------+---------+-----------+---------+---------+-----+-------+----------+-----------------------------------------------------------+
| BUFG        | BUFHCE_X1Y1  |   no  |         1 |        0 |       0 |         0 |       0 |       0 |   0 |     0 |        0 | sys_clk_50m_BUFG                                          |
| BUFG        | BUFHCE_X1Y2  |   no  |         1 |        0 |       0 |         0 |       0 |       0 |   0 |     0 |        0 | u_clk_24m/inst/clkfbout_buf_clk_wiz_0                     |
| BUFG        | BUFHCE_X1Y10 |   no  |         0 |        0 |       0 |         0 |       0 |       0 |  34 |     0 |        0 | u_clk_24m/inst/clk_out1                                   |
| BUFG        | BUFHCE_X1Y8  |   no  |         0 |        0 |       0 |         0 |       0 |       0 |  55 |     0 |        0 | u_iic_config/clock_20k                                    |
| BUFG        | BUFHCE_X1Y9  |   no  |         0 |        0 |       0 |         2 |       0 |       0 |  64 |    16 |        0 | cam_pclk_IBUF_BUFG                                        |
| BUFG        | BUFHCE_X1Y0  |   no  |         0 |        0 |       0 |         0 |       0 |       0 |  64 |     0 |        0 | u_bd_wrapper/system_i/processing_system7_0/inst/FCLK_CLK0 |
| BUFG        | BUFHCE_X1Y11 |   no  |         0 |        0 |       0 |        10 |       0 |       0 | 313 |     1 |        0 | u_bd_wrapper/system_i/processing_system7_0/inst/FCLK_CLK1 |
+-------------+--------------+-------+-----------+----------+---------+-----------+---------+---------+-----+-------+----------+-----------------------------------------------------------+


10. Net wise resources used in clock region X0Y1
------------------------------------------------

+-------------+--------------+-------+-----------+----------+---------+-----------+---------+---------+------+-------+----------+-----------------------------------------------------------+
| Source Type | BUFHCE Site  | Fixed | MMCM Pins | PLL Pins | GT Pins | BRAM Pins | ILOGICs | OLOGICs |  FFs | LUTMs | DSP48E1s |                       Clock Net Name                      |
+-------------+--------------+-------+-----------+----------+---------+-----------+---------+---------+------+-------+----------+-----------------------------------------------------------+
| BUFG        | BUFHCE_X0Y20 |   no  |         0 |        0 |       0 |         2 |       0 |       0 |  640 |    37 |        0 | u_bd_wrapper/system_i/processing_system7_0/inst/FCLK_CLK1 |
| BUFG        | BUFHCE_X0Y21 |   no  |         0 |        0 |       0 |         0 |       0 |       0 | 1430 |    58 |        0 | u_bd_wrapper/system_i/processing_system7_0/inst/FCLK_CLK0 |
+-------------+--------------+-------+-----------+----------+---------+-----------+---------+---------+------+-------+----------+-----------------------------------------------------------+


11. Net wise resources used in clock region X1Y1
------------------------------------------------

+-------------+--------------+-------+-----------+----------+---------+-----------+---------+---------+------+-------+----------+-----------------------------------------------------------+
| Source Type | BUFHCE Site  | Fixed | MMCM Pins | PLL Pins | GT Pins | BRAM Pins | ILOGICs | OLOGICs |  FFs | LUTMs | DSP48E1s |                       Clock Net Name                      |
+-------------+--------------+-------+-----------+----------+---------+-----------+---------+---------+------+-------+----------+-----------------------------------------------------------+
| BUFIO       |      ---     |   no  |         0 |        0 |       0 |         0 |       0 |       8 |    0 |     0 |        0 | u_bd_wrapper/system_i/axi_dynclk_0/U0/PXL_CLK_5X_O        |
| BUFG        | BUFHCE_X1Y22 |   no  |         0 |        0 |       0 |         0 |       0 |       0 |   13 |     0 |        0 | sys_clk_50m_BUFG                                          |
| BUFG        | BUFHCE_X1Y20 |   no  |         0 |        0 |       0 |         0 |       0 |       0 |   36 |     0 |        0 | u_clk_24m/inst/clk_out1                                   |
| BUFG        | BUFHCE_X1Y21 |   no  |         0 |        0 |       0 |         3 |       0 |       0 |  118 |     0 |        0 | u_bd_wrapper/system_i/processing_system7_0/inst/FCLK_CLK1 |
| BUFG        | BUFHCE_X1Y12 |   no  |         2 |        0 |       0 |         0 |       0 |       0 |  131 |     0 |        0 | u_bd_wrapper/system_i/processing_system7_0/inst/FCLK_CLK0 |
| BUFR        |      ---     |   no  |         0 |        0 |       0 |         3 |       0 |       8 | 2146 |     6 |        0 | u_bd_wrapper/system_i/axi_dynclk_0/U0/PXL_CLK_O           |
+-------------+--------------+-------+-----------+----------+---------+-----------+---------+---------+------+-------+----------+-----------------------------------------------------------+


12. Net wise resources used in clock region X0Y2
------------------------------------------------

+-------------+--------------+-------+-----------+----------+---------+-----------+---------+---------+-----+-------+----------+-----------------------------------------------------------+
| Source Type | BUFHCE Site  | Fixed | MMCM Pins | PLL Pins | GT Pins | BRAM Pins | ILOGICs | OLOGICs | FFs | LUTMs | DSP48E1s |                       Clock Net Name                      |
+-------------+--------------+-------+-----------+----------+---------+-----------+---------+---------+-----+-------+----------+-----------------------------------------------------------+
| BUFG        |      ---     |   no  |         0 |        0 |       0 |         0 |       0 |       0 |   0 |     0 |        0 | u_bd_wrapper/system_i/processing_system7_0/inst/FCLK_CLK1 |
| BUFG        | BUFHCE_X0Y32 |   no  |         0 |        0 |       0 |         0 |       0 |       0 |  52 |    16 |        0 | u_bd_wrapper/system_i/processing_system7_0/inst/FCLK_CLK0 |
+-------------+--------------+-------+-----------+----------+---------+-----------+---------+---------+-----+-------+----------+-----------------------------------------------------------+


13. Net wise resources used in clock region X1Y2
------------------------------------------------

+-------------+--------------+-------+-----------+----------+---------+-----------+---------+---------+-----+-------+----------+------------------+
| Source Type | BUFHCE Site  | Fixed | MMCM Pins | PLL Pins | GT Pins | BRAM Pins | ILOGICs | OLOGICs | FFs | LUTMs | DSP48E1s |  Clock Net Name  |
+-------------+--------------+-------+-----------+----------+---------+-----------+---------+---------+-----+-------+----------+------------------+
| BUFG        | BUFHCE_X1Y32 |   no  |         0 |        0 |       0 |         0 |       0 |       0 |  20 |     0 |        0 | sys_clk_50m_BUFG |
+-------------+--------------+-------+-----------+----------+---------+-----------+---------+---------+-----+-------+----------+------------------+



# Location of BUFG Primitives 
set_property LOC BUFGCTRL_X0Y18 [get_cells cam_pclk_IBUF_BUFG_inst]
set_property LOC BUFGCTRL_X0Y19 [get_cells sys_clk_50m_BUFG_inst]
set_property LOC BUFGCTRL_X0Y17 [get_cells u_bd_wrapper/system_i/processing_system7_0/inst/buffer_fclk_clk_0.FCLK_CLK_0_BUFG]
set_property LOC BUFGCTRL_X0Y16 [get_cells u_bd_wrapper/system_i/processing_system7_0/inst/buffer_fclk_clk_1.FCLK_CLK_1_BUFG]
set_property LOC BUFGCTRL_X0Y0 [get_cells u_clk_24m/inst/clkout1_buf]
set_property LOC BUFGCTRL_X0Y2 [get_cells u_clk_24m/inst/clkf_buf]
set_property LOC BUFGCTRL_X0Y1 [get_cells reg_index_reg_rep[9]_i_3]

# Location of IO Clock Primitives
set_property LOC BUFIO_X1Y5 [get_cells u_bd_wrapper/system_i/axi_dynclk_0/U0/BUFIO_inst]

# Location of MMCM Clock Primitives
set_property LOC MMCME2_ADV_X1Y1 [get_cells u_bd_wrapper/system_i/axi_dynclk_0/U0/Inst_mmcme2_drp/mmcm_adv_inst]
set_property LOC MMCME2_ADV_X1Y0 [get_cells u_clk_24m/inst/mmcm_adv_inst]

# Location of BUFH Clock Primitives

# Location of BUFR Clock Primitives
set_property LOC BUFR_X1Y5 [get_cells u_bd_wrapper/system_i/axi_dynclk_0/U0/BUFR_inst]

# Location of BUFMR Clock Primitives

# Location of PLL Clock Primitives

# Location of IO Primitives which is load of clock spine
set_property LOC IOB_X1Y122 [get_cells cam_xclk_OBUF_inst]

# Location of clock ports
set_property LOC IOB_X1Y126 [get_ports cam_pclk]
set_property LOC IOB_X1Y76 [get_ports sys_clk_50m]

# Clock net "cam_pclk_IBUF_BUFG" driven by instance "cam_pclk_IBUF_BUFG_inst" located at site "BUFGCTRL_X0Y18"
#startgroup
create_pblock {CLKAG_cam_pclk_IBUF_BUFG}
add_cells_to_pblock [get_pblocks  {CLKAG_cam_pclk_IBUF_BUFG}] [get_cells -filter { PRIMITIVE_GROUP != I/O && IS_PRIMITIVE==1 && PRIMITIVE_LEVEL !=INTERNAL } -of_object [get_pins -filter {DIRECTION==IN} -of_objects [get_nets -hierarchical -filter {PARENT=="cam_pclk_IBUF_BUFG"}]]]
resize_pblock [get_pblocks {CLKAG_cam_pclk_IBUF_BUFG}] -add {CLOCKREGION_X0Y0:CLOCKREGION_X0Y0 CLOCKREGION_X1Y0:CLOCKREGION_X1Y0}
#endgroup

# Clock net "sys_clk_50m_BUFG" driven by instance "sys_clk_50m_BUFG_inst" located at site "BUFGCTRL_X0Y19"
#startgroup
create_pblock {CLKAG_sys_clk_50m_BUFG}
add_cells_to_pblock [get_pblocks  {CLKAG_sys_clk_50m_BUFG}] [get_cells -filter { PRIMITIVE_GROUP != I/O && IS_PRIMITIVE==1 && PRIMITIVE_LEVEL !=INTERNAL && NAME!=u_clk_24m/inst/mmcm_adv_inst} -of_object [get_pins -filter {DIRECTION==IN} -of_objects [get_nets -hierarchical -filter {PARENT=="sys_clk_50m_BUFG"}]]]
resize_pblock [get_pblocks {CLKAG_sys_clk_50m_BUFG}] -add {CLOCKREGION_X1Y1:CLOCKREGION_X1Y1 CLOCKREGION_X1Y2:CLOCKREGION_X1Y2}
#endgroup

# Clock net "u_bd_wrapper/system_i/axi_dynclk_0/U0/PXL_CLK_O" driven by instance "u_bd_wrapper/system_i/axi_dynclk_0/U0/BUFR_inst" located at site "BUFR_X1Y5"
#startgroup
create_pblock {CLKAG_u_bd_wrapper/system_i/axi_dynclk_0/U0/PXL_CLK_O}
add_cells_to_pblock [get_pblocks  {CLKAG_u_bd_wrapper/system_i/axi_dynclk_0/U0/PXL_CLK_O}] [get_cells -filter { PRIMITIVE_GROUP != I/O && IS_PRIMITIVE==1 && PRIMITIVE_LEVEL !=INTERNAL } -of_object [get_pins -filter {DIRECTION==IN} -of_objects [get_nets -hierarchical -filter {PARENT=="u_bd_wrapper/system_i/axi_dynclk_0/U0/PXL_CLK_O"}]]]
resize_pblock [get_pblocks {CLKAG_u_bd_wrapper/system_i/axi_dynclk_0/U0/PXL_CLK_O}] -add {CLOCKREGION_X1Y1:CLOCKREGION_X1Y1}
#endgroup

# Clock net "u_bd_wrapper/system_i/processing_system7_0/inst/FCLK_CLK0" driven by instance "u_bd_wrapper/system_i/processing_system7_0/inst/buffer_fclk_clk_0.FCLK_CLK_0_BUFG" located at site "BUFGCTRL_X0Y17"
#startgroup
create_pblock {CLKAG_u_bd_wrapper/system_i/processing_system7_0/inst/FCLK_CLK0}
add_cells_to_pblock [get_pblocks  {CLKAG_u_bd_wrapper/system_i/processing_system7_0/inst/FCLK_CLK0}] [get_cells -filter { PRIMITIVE_GROUP != I/O && IS_PRIMITIVE==1 && PRIMITIVE_LEVEL !=INTERNAL && NAME!=u_bd_wrapper/system_i/axi_dynclk_0/U0/Inst_mmcme2_drp/mmcm_adv_inst} -of_object [get_pins -filter {DIRECTION==IN} -of_objects [get_nets -hierarchical -filter {PARENT=="u_bd_wrapper/system_i/processing_system7_0/inst/FCLK_CLK0"}]]]
resize_pblock [get_pblocks {CLKAG_u_bd_wrapper/system_i/processing_system7_0/inst/FCLK_CLK0}] -add {CLOCKREGION_X0Y0:CLOCKREGION_X0Y0 CLOCKREGION_X0Y1:CLOCKREGION_X0Y1 CLOCKREGION_X0Y2:CLOCKREGION_X0Y2 CLOCKREGION_X1Y0:CLOCKREGION_X1Y0 CLOCKREGION_X1Y1:CLOCKREGION_X1Y1}
#endgroup

# Clock net "u_bd_wrapper/system_i/processing_system7_0/inst/FCLK_CLK1" driven by instance "u_bd_wrapper/system_i/processing_system7_0/inst/buffer_fclk_clk_1.FCLK_CLK_1_BUFG" located at site "BUFGCTRL_X0Y16"
#startgroup
create_pblock {CLKAG_u_bd_wrapper/system_i/processing_system7_0/inst/FCLK_CLK1}
add_cells_to_pblock [get_pblocks  {CLKAG_u_bd_wrapper/system_i/processing_system7_0/inst/FCLK_CLK1}] [get_cells -filter { PRIMITIVE_GROUP != I/O && IS_PRIMITIVE==1 && PRIMITIVE_LEVEL !=INTERNAL } -of_object [get_pins -filter {DIRECTION==IN} -of_objects [get_nets -hierarchical -filter {PARENT=="u_bd_wrapper/system_i/processing_system7_0/inst/FCLK_CLK1"}]]]
resize_pblock [get_pblocks {CLKAG_u_bd_wrapper/system_i/processing_system7_0/inst/FCLK_CLK1}] -add {CLOCKREGION_X0Y0:CLOCKREGION_X0Y0 CLOCKREGION_X0Y1:CLOCKREGION_X0Y1 CLOCKREGION_X0Y2:CLOCKREGION_X0Y2 CLOCKREGION_X1Y0:CLOCKREGION_X1Y0 CLOCKREGION_X1Y1:CLOCKREGION_X1Y1}
#endgroup

# Clock net "u_clk_24m/inst/clk_out1" driven by instance "u_clk_24m/inst/clkout1_buf" located at site "BUFGCTRL_X0Y0"
#startgroup
create_pblock {CLKAG_u_clk_24m/inst/clk_out1}
add_cells_to_pblock [get_pblocks  {CLKAG_u_clk_24m/inst/clk_out1}] [get_cells -filter { PRIMITIVE_GROUP != I/O && IS_PRIMITIVE==1 && PRIMITIVE_LEVEL !=INTERNAL && NAME!=cam_xclk_OBUF_inst} -of_object [get_pins -filter {DIRECTION==IN} -of_objects [get_nets -hierarchical -filter {PARENT=="u_clk_24m/inst/clk_out1"}]]]
resize_pblock [get_pblocks {CLKAG_u_clk_24m/inst/clk_out1}] -add {CLOCKREGION_X1Y0:CLOCKREGION_X1Y0 CLOCKREGION_X1Y1:CLOCKREGION_X1Y1}
#endgroup

# Clock net "u_iic_config/clock_20k" driven by instance "reg_index_reg_rep[9]_i_3" located at site "BUFGCTRL_X0Y1"
#startgroup
create_pblock {CLKAG_u_iic_config/clock_20k}
add_cells_to_pblock [get_pblocks  {CLKAG_u_iic_config/clock_20k}] [get_cells -filter { PRIMITIVE_GROUP != I/O && IS_PRIMITIVE==1 && PRIMITIVE_LEVEL !=INTERNAL } -of_object [get_pins -filter {DIRECTION==IN} -of_objects [get_nets -hierarchical -filter {PARENT=="u_iic_config/clock_20k"}]]]
resize_pblock [get_pblocks {CLKAG_u_iic_config/clock_20k}] -add {CLOCKREGION_X1Y0:CLOCKREGION_X1Y0}
#endgroup
